2025-05-26 16:29:25,207 ERROR frappe New Exception collected in error log
Site: mukesh.local
Form Dict: {'cmd': 'demo_app.demo_app.doctype.lappy.lappy.get_lappy'}
2025-05-26 16:32:36,578 ERROR frappe New Exception collected in error log
Site: mukesh.local
Form Dict: {'cmd': 'demo_app.demo_app.doctype.lappy.lappy.get_lappy'}
2025-05-26 16:34:45,310 ERROR frappe New Exception collected in error log
Site: mukesh.local
Form Dict: {'cmd': 'demo_app.demo_app.doctype.lappy.lappy.get_lappy'}
2025-05-26 16:35:53,444 ERROR frappe New Exception collected in error log
Site: mukesh.local
Form Dict: {'cmd': 'demo_app.demo_app.doctype.lappy.lappy.get_lappy'}
2025-05-26 16:41:09,168 ERROR frappe New Exception collected in error log
Site: mukesh.local
Form Dict: {'cmd': 'demo_app.demo_app.doctype.lappy.lappy.get_lappy'}
2025-05-26 16:42:01,460 ERROR frappe New Exception collected in error log
Site: mukesh.local
Form Dict: {'cmd': 'demo_app.demo_app.doctype.lappy.lappy.get_lappy'}
2025-05-26 16:56:04,207 ERROR frappe New Exception collected in error log
Site: mukesh.local
Form Dict: {'key': '********', 'old_password': '********', 'new_password': '********', 'confirm_password': '********', 'logout_all_sessions': '1', 'cmd': 'frappe.core.doctype.user.user.update_password'}
2025-05-26 17:10:44,292 ERROR frappe New Exception collected in error log
Site: mukesh.local
Form Dict: {'cmd': 'demo_app.demo_app.doctype.lappy.lappy.get_lappy'}
2025-05-26 17:36:18,521 ERROR frappe New Exception collected in error log
Site: mukesh.local
Form Dict: {'cmd': 'demo_app.demo_app.doctype.lappy.lappy.create_lappy'}
2025-05-26 17:37:40,678 ERROR frappe New Exception collected in error log
Site: mukesh.local
Form Dict: {'cmd': 'demo_app.demo_app.doctype.lappy.lappy.create_lappy'}
