2025-05-26 16:29:25,207 ERROR frappe New Exception collected in error log
Site: mukesh.local
Form Dict: {'cmd': 'demo_app.demo_app.doctype.lappy.lappy.get_lappy'}
2025-05-26 16:32:36,578 ERROR frappe New Exception collected in error log
Site: mukesh.local
Form Dict: {'cmd': 'demo_app.demo_app.doctype.lappy.lappy.get_lappy'}
2025-05-26 16:34:45,310 ERROR frappe New Exception collected in error log
Site: mukesh.local
Form Dict: {'cmd': 'demo_app.demo_app.doctype.lappy.lappy.get_lappy'}
2025-05-26 16:35:53,444 ERROR frappe New Exception collected in error log
Site: mukesh.local
Form Dict: {'cmd': 'demo_app.demo_app.doctype.lappy.lappy.get_lappy'}
2025-05-26 16:41:09,168 ERROR frappe New Exception collected in error log
Site: mukesh.local
Form Dict: {'cmd': 'demo_app.demo_app.doctype.lappy.lappy.get_lappy'}
2025-05-26 16:42:01,460 ERROR frappe New Exception collected in error log
Site: mukesh.local
Form Dict: {'cmd': 'demo_app.demo_app.doctype.lappy.lappy.get_lappy'}
2025-05-26 16:56:04,207 ERROR frappe New Exception collected in error log
Site: mukesh.local
Form Dict: {'key': '********', 'old_password': '********', 'new_password': '********', 'confirm_password': '********', 'logout_all_sessions': '1', 'cmd': 'frappe.core.doctype.user.user.update_password'}
2025-05-26 17:10:44,292 ERROR frappe New Exception collected in error log
Site: mukesh.local
Form Dict: {'cmd': 'demo_app.demo_app.doctype.lappy.lappy.get_lappy'}
2025-05-26 17:36:18,521 ERROR frappe New Exception collected in error log
Site: mukesh.local
Form Dict: {'cmd': 'demo_app.demo_app.doctype.lappy.lappy.create_lappy'}
2025-05-26 17:37:40,678 ERROR frappe New Exception collected in error log
Site: mukesh.local
Form Dict: {'cmd': 'demo_app.demo_app.doctype.lappy.lappy.create_lappy'}
2025-05-27 09:51:35,837 ERROR frappe New Exception collected in error log
Site: mukesh.local
Form Dict: {'doctype': 'lappy', 'with_parent': '1', 'cached_timestamp': '2025-05-26 16:47:40.560204', 'cmd': 'frappe.desk.form.load.getdoctype'}
2025-05-27 10:11:57,781 ERROR frappe New Exception collected in error log
Site: mukesh.local
Form Dict: {'recipients': 'mukeshcse61@gmail.com,', 'subject': 'User: Administrator', 'content': '<div class="ql-editor read-mode"><p><br></p></div>', 'doctype': 'User', 'name': 'Administrator', 'send_email': '1', 'print_html': '', 'send_me_a_copy': '0', 'print_format': 'Standard', 'attachments': '[]', 'read_receipt': '0', 'print_letterhead': '1', 'send_after': '', 'print_language': 'en', 'cmd': 'frappe.core.doctype.communication.email.make'}
2025-05-27 10:55:04,354 ERROR frappe New Exception collected in error log
Site: mukesh.local
Form Dict: {'laptop_name': 'MAN', 'laptop_price': 85000, 'laptop_model': 'MAC579tx', 'email': 'mk2648054@gmail.com', 'cmd': 'demo_app.demo_app.doctype.lappy.lappy.create_lappy'}
2025-05-27 11:17:34,133 ERROR frappe New Exception collected in error log
Site: mukesh.local
Form Dict: {'doc': '{"name":"Mukesh Kumar","owner":"Administrator","creation":"2025-05-27 10:13:43.015932","modified":"2025-05-27 10:51:41.003449","modified_by":"Administrator","docstatus":0,"idx":0,"email_id":"mukeshcse61@gmail.com","email_account_name":"Mukesh Kumar","enable_incoming":1,"enable_outgoing":1,"service":"","frappe_mail_site":"https://frappemail.com","auth_method":"Basic","backend_app_flow":0,"awaiting_password":0,"ascii_encode_password":0,"login_id_is_different":0,"default_incoming":0,"attachment_limit":25,"use_imap":0,"use_ssl":0,"validate_ssl_certificate":1,"use_starttls":0,"email_sync_option":"UNSEEN","initial_sync_count":"250","append_emails_to_sent_folder":0,"create_contact":1,"enable_automatic_linking":0,"notify_if_unreplied":0,"unreplied_for_mins":30,"default_outgoing":1,"always_use_account_email_id_as_sender":1,"always_use_account_name_as_sender_name":1,"send_unsubscribe_message":1,"track_email_status":1,"use_tls":1,"use_ssl_for_outgoing":0,"smtp_server":"smtp.gmail.com","smtp_port":"587","no_smtp_authentication":0,"add_signature":0,"enable_auto_reply":0,"uidnext":0,"no_failed":0,"doctype":"Email Account","imap_folder":[{"name":"7fmjt5dl0n","owner":"Administrator","creation":"2025-05-27 10:13:43.015932","modified":"2025-05-27 10:51:41.003449","modified_by":"Administrator","docstatus":0,"idx":1,"folder_name":"INBOX","parent":"Mukesh Kumar","parentfield":"imap_folder","parenttype":"Email Account","doctype":"IMAP Folder","__unsaved":1}],"password":"*******************","__unsaved":1}', 'action': 'Save', 'cmd': 'frappe.desk.form.save.savedocs'}
2025-05-27 11:18:23,138 ERROR frappe New Exception collected in error log
Site: mukesh.local
Form Dict: {'doc': '{"name":"Mukesh Kumar","owner":"Administrator","creation":"2025-05-27 10:13:43.015932","modified":"2025-05-27 10:51:41.003449","modified_by":"Administrator","docstatus":0,"idx":0,"email_id":"mukeshcse61@gmail.com","email_account_name":"Mukesh Kumar","enable_incoming":1,"enable_outgoing":1,"service":"","frappe_mail_site":"https://frappemail.com","auth_method":"Basic","backend_app_flow":0,"awaiting_password":0,"ascii_encode_password":0,"login_id_is_different":0,"default_incoming":0,"attachment_limit":25,"use_imap":0,"use_ssl":0,"validate_ssl_certificate":1,"use_starttls":0,"email_sync_option":"UNSEEN","initial_sync_count":"250","append_emails_to_sent_folder":0,"create_contact":1,"enable_automatic_linking":0,"notify_if_unreplied":0,"unreplied_for_mins":30,"default_outgoing":1,"always_use_account_email_id_as_sender":1,"always_use_account_name_as_sender_name":1,"send_unsubscribe_message":1,"track_email_status":1,"use_tls":1,"use_ssl_for_outgoing":0,"smtp_server":"smtp.gmail.com","smtp_port":"587","no_smtp_authentication":0,"add_signature":0,"enable_auto_reply":0,"uidnext":0,"no_failed":0,"doctype":"Email Account","imap_folder":[{"name":"7fmjt5dl0n","owner":"Administrator","creation":"2025-05-27 10:13:43.015932","modified":"2025-05-27 10:51:41.003449","modified_by":"Administrator","docstatus":0,"idx":1,"folder_name":"INBOX","parent":"Mukesh Kumar","parentfield":"imap_folder","parenttype":"Email Account","doctype":"IMAP Folder","__unsaved":1}],"password":"*******************","__unsaved":1}', 'action': 'Save', 'cmd': 'frappe.desk.form.save.savedocs'}
2025-05-27 11:25:21,446 ERROR frappe New Exception collected in error log
Site: mukesh.local
Form Dict: {'laptop_name': 'MANZ', 'laptop_price': 85000, 'laptop_model': 'MAC579tx', 'email': 'mk2648054@gmail.com', 'cmd': 'demo_app.demo_app.doctype.lappy.lappy.create_lappy'}
2025-05-27 11:25:39,058 ERROR frappe New Exception collected in error log
Site: mukesh.local
Form Dict: {'laptop_name': 'MANO', 'laptop_price': 85000, 'laptop_model': 'MAC579tx', 'email': 'mk2648054@gmail.com', 'cmd': 'demo_app.demo_app.doctype.lappy.lappy.create_lappy'}
2025-05-27 11:48:24,155 ERROR frappe New Exception collected in error log
Site: mukesh.local
Form Dict: {'laptop_name': 'MANO', 'laptop_price': 85000, 'laptop_model': 'MAC579tx', 'email': 'mk2648054@gmail.com', 'cmd': 'demo_app.demo_app.doctype.lappy.lappy.create_lappy'}
2025-05-27 11:48:52,842 ERROR frappe New Exception collected in error log
Site: mukesh.local
Form Dict: {'laptop_name': 'MANP', 'laptop_price': 85000, 'laptop_model': 'MAC579tx', 'email': 'mk2648054@gmail.com', 'cmd': 'demo_app.demo_app.doctype.lappy.lappy.create_lappy'}
2025-05-27 11:49:10,424 ERROR frappe New Exception collected in error log
Site: mukesh.local
Form Dict: {'laptop_name': 'MANP', 'laptop_price': 85000, 'laptop_model': 'MAC579tx', 'email': 'mk2648054@gmail.com', 'cmd': 'demo_app.demo_app.doctype.lappy.lappy.create_lappy'}
2025-05-27 12:33:42,773 ERROR frappe New Exception collected in error log
Site: mukesh.local
Form Dict: {'doc': '{"docstatus":0,"doctype":"Email Account","name":"new-email-account-joagllewkw","__islocal":1,"__unsaved":1,"owner":"Administrator","enable_incoming":1,"enable_outgoing":1,"service":"GMail","frappe_mail_site":"https://frappemail.com","auth_method":"Basic","backend_app_flow":0,"awaiting_password":0,"ascii_encode_password":0,"login_id_is_different":0,"default_incoming":0,"use_imap":1,"use_ssl":1,"validate_ssl_certificate":1,"use_starttls":0,"email_sync_option":"UNSEEN","initial_sync_count":"250","imap_folder":[{"docstatus":0,"doctype":"IMAP Folder","name":"new-imap-folder-jmbpwsgzws","__islocal":1,"__unsaved":1,"owner":"Administrator","parent":"new-email-account-joagllewkw","parentfield":"imap_folder","parenttype":"Email Account","idx":1,"folder_name":"INBOX","append_to":"Communication"}],"append_emails_to_sent_folder":0,"create_contact":1,"enable_automatic_linking":0,"notify_if_unreplied":0,"unreplied_for_mins":30,"default_outgoing":0,"always_use_account_email_id_as_sender":0,"always_use_account_name_as_sender_name":0,"send_unsubscribe_message":1,"track_email_status":1,"use_tls":1,"use_ssl_for_outgoing":0,"no_smtp_authentication":0,"add_signature":0,"enable_auto_reply":0,"attachment_limit":25,"email_id":"mukeshcse61@gmail.com","email_account_name":"Mukeshcse Kumar","email_server":"imap.gmail.com","incoming_port":993,"smtp_server":"smtp.gmail.com","smtp_port":587,"password":"qwfl tgjn fxmc sxpg"}', 'action': 'Save', 'cmd': 'frappe.desk.form.save.savedocs'}
2025-05-27 12:36:39,238 ERROR frappe New Exception collected in error log
Site: mukesh.local
Form Dict: {'doc': '{"docstatus":0,"doctype":"Email Account","name":"new-email-account-joagllewkw","__islocal":1,"__unsaved":1,"owner":"Administrator","enable_incoming":1,"enable_outgoing":1,"service":"GMail","frappe_mail_site":"https://frappemail.com","auth_method":"Basic","backend_app_flow":0,"awaiting_password":0,"ascii_encode_password":0,"login_id_is_different":0,"default_incoming":0,"use_imap":1,"use_ssl":1,"validate_ssl_certificate":1,"use_starttls":0,"email_sync_option":"UNSEEN","initial_sync_count":"250","imap_folder":[{"docstatus":0,"doctype":"IMAP Folder","name":"new-imap-folder-jmbpwsgzws","__islocal":1,"__unsaved":1,"owner":"Administrator","parent":"new-email-account-joagllewkw","parentfield":"imap_folder","parenttype":"Email Account","idx":1,"folder_name":"INBOX","append_to":"Communication"}],"append_emails_to_sent_folder":0,"create_contact":1,"enable_automatic_linking":0,"notify_if_unreplied":0,"unreplied_for_mins":30,"default_outgoing":0,"always_use_account_email_id_as_sender":0,"always_use_account_name_as_sender_name":0,"send_unsubscribe_message":1,"track_email_status":1,"use_tls":1,"use_ssl_for_outgoing":0,"no_smtp_authentication":0,"add_signature":0,"enable_auto_reply":0,"attachment_limit":25,"email_id":"mukeshcse61@gmail.com","email_account_name":"Mukeshcse Kumar","email_server":"imap.gmail.com","incoming_port":993,"smtp_server":"smtp.gmail.com","smtp_port":587,"password":"tlav cyxf xuhp sbjd"}', 'action': 'Save', 'cmd': 'frappe.desk.form.save.savedocs'}
2025-05-27 12:42:20,931 ERROR frappe New Exception collected in error log
Site: mukesh.local
Form Dict: {'doc': '{"name":"Mukesh kumar","owner":"Administrator","creation":"2025-05-27 12:40:16.497887","modified":"2025-05-27 12:40:16.497887","modified_by":"Administrator","docstatus":0,"idx":0,"email_id":"mukeshcse61@gmail.com","email_account_name":"Mukesh kumar","enable_incoming":1,"enable_outgoing":1,"service":"GMail","domain":null,"frappe_mail_site":"https://frappemail.com","auth_method":"Basic","backend_app_flow":0,"password":"*******************","awaiting_password":0,"ascii_encode_password":0,"api_key":null,"api_secret":null,"connected_app":null,"connected_user":null,"login_id_is_different":0,"login_id":null,"default_incoming":1,"attachment_limit":25,"last_synced_at":null,"use_imap":1,"use_ssl":1,"validate_ssl_certificate":1,"use_starttls":0,"email_server":"imap.gmail.com","incoming_port":993,"email_sync_option":"UNSEEN","initial_sync_count":"250","append_emails_to_sent_folder":0,"sent_folder_name":null,"append_to":null,"create_contact":1,"enable_automatic_linking":0,"notify_if_unreplied":0,"unreplied_for_mins":30,"send_notification_to":null,"default_outgoing":1,"always_use_account_email_id_as_sender":0,"always_use_account_name_as_sender_name":0,"send_unsubscribe_message":1,"track_email_status":1,"use_tls":1,"use_ssl_for_outgoing":0,"smtp_server":"smtp.gmail.com","smtp_port":587,"no_smtp_authentication":0,"always_bcc":null,"add_signature":0,"signature":null,"enable_auto_reply":0,"auto_reply_message":null,"footer":null,"brand_logo":null,"uidvalidity":null,"uidnext":0,"no_failed":0,"doctype":"Email Account","imap_folder":[{"name":"tbker5sa1v","owner":"Administrator","creation":"2025-05-27 12:40:16.497887","modified":"2025-05-27 12:40:16.497887","modified_by":"Administrator","docstatus":0,"idx":1,"folder_name":"INBOX","append_to":"Communication","uidvalidity":null,"uidnext":null,"parent":"Mukesh kumar","parentfield":"imap_folder","parenttype":"Email Account","doctype":"IMAP Folder","__unsaved":1}],"__last_sync_on":"2025-05-27T07:10:22.432Z","__unsaved":1}', 'action': 'Save', 'cmd': 'frappe.desk.form.save.savedocs'}
2025-05-27 12:44:36,702 ERROR frappe New Exception collected in error log
Site: mukesh.local
Form Dict: {'laptop_name': 'Accer', 'laptop_price': 85000, 'laptop_model': 'MAC579tx', 'email': 'mukeshcse61@gmail.com', 'cmd': 'demo_app.demo_app.doctype.lappy.lappy.create_lappy'}
2025-05-27 12:53:04,957 ERROR frappe New Exception collected in error log
Site: mukesh.local
Form Dict: {'doc': '{"name":"Mukesh kumar","owner":"Administrator","creation":"2025-05-27 12:40:16.497887","modified":"2025-05-27 12:42:57.619774","modified_by":"Administrator","docstatus":0,"idx":0,"email_id":"mukeshcse61@gmail.com","email_account_name":"Mukesh kumar","enable_incoming":1,"enable_outgoing":1,"service":"GMail","frappe_mail_site":"https://frappemail.com","auth_method":"Basic","backend_app_flow":0,"password":"*******************","awaiting_password":0,"ascii_encode_password":0,"login_id_is_different":0,"default_incoming":0,"attachment_limit":25,"use_imap":1,"use_ssl":1,"validate_ssl_certificate":1,"use_starttls":0,"email_server":"imap.gmail.com","incoming_port":"993","email_sync_option":"UNSEEN","initial_sync_count":"250","append_emails_to_sent_folder":0,"create_contact":1,"enable_automatic_linking":0,"notify_if_unreplied":0,"unreplied_for_mins":30,"default_outgoing":0,"always_use_account_email_id_as_sender":1,"always_use_account_name_as_sender_name":1,"send_unsubscribe_message":1,"track_email_status":1,"use_tls":1,"use_ssl_for_outgoing":0,"smtp_server":"smtp.gmail.com","smtp_port":"587","no_smtp_authentication":0,"add_signature":0,"enable_auto_reply":0,"uidnext":42877,"no_failed":0,"doctype":"Email Account","imap_folder":[{"name":"tbker5sa1v","owner":"Administrator","creation":"2025-05-27 12:40:16.497887","modified":"2025-05-27 12:42:57.619774","modified_by":"Administrator","docstatus":0,"idx":1,"folder_name":"INBOX","append_to":"Communication","uidvalidity":"1","uidnext":"42877","parent":"Mukesh kumar","parentfield":"imap_folder","parenttype":"Email Account","doctype":"IMAP Folder"}],"__unsaved":1}', 'action': 'Save', 'cmd': 'frappe.desk.form.save.savedocs'}
2025-05-27 12:53:12,407 ERROR frappe New Exception collected in error log
Site: mukesh.local
Form Dict: {'doc': '{"name":"Mukesh kumar","owner":"Administrator","creation":"2025-05-27 12:40:16.497887","modified":"2025-05-27 12:42:57.619774","modified_by":"Administrator","docstatus":0,"idx":0,"email_id":"mukeshcse61@gmail.com","email_account_name":"Mukesh kumar","enable_incoming":1,"enable_outgoing":1,"service":"GMail","frappe_mail_site":"https://frappemail.com","auth_method":"Basic","backend_app_flow":0,"password":"*******************","awaiting_password":0,"ascii_encode_password":0,"login_id_is_different":0,"default_incoming":0,"attachment_limit":25,"use_imap":1,"use_ssl":1,"validate_ssl_certificate":1,"use_starttls":0,"email_server":"imap.gmail.com","incoming_port":"993","email_sync_option":"UNSEEN","initial_sync_count":"250","append_emails_to_sent_folder":0,"create_contact":1,"enable_automatic_linking":0,"notify_if_unreplied":0,"unreplied_for_mins":30,"default_outgoing":0,"always_use_account_email_id_as_sender":0,"always_use_account_name_as_sender_name":0,"send_unsubscribe_message":1,"track_email_status":1,"use_tls":1,"use_ssl_for_outgoing":0,"smtp_server":"smtp.gmail.com","smtp_port":"587","no_smtp_authentication":0,"add_signature":0,"enable_auto_reply":0,"uidnext":42877,"no_failed":0,"doctype":"Email Account","imap_folder":[{"name":"tbker5sa1v","owner":"Administrator","creation":"2025-05-27 12:40:16.497887","modified":"2025-05-27 12:42:57.619774","modified_by":"Administrator","docstatus":0,"idx":1,"folder_name":"INBOX","append_to":"Communication","uidvalidity":"1","uidnext":"42877","parent":"Mukesh kumar","parentfield":"imap_folder","parenttype":"Email Account","doctype":"IMAP Folder"}],"__unsaved":1}', 'action': 'Save', 'cmd': 'frappe.desk.form.save.savedocs'}
2025-05-27 12:53:21,986 ERROR frappe New Exception collected in error log
Site: mukesh.local
Form Dict: {'doc': '{"name":"Mukesh kumar","owner":"Administrator","creation":"2025-05-27 12:40:16.497887","modified":"2025-05-27 12:42:57.619774","modified_by":"Administrator","docstatus":0,"idx":0,"email_id":"mukeshcse61@gmail.com","email_account_name":"Mukesh kumar","enable_incoming":1,"enable_outgoing":1,"service":"GMail","frappe_mail_site":"https://frappemail.com","auth_method":"Basic","backend_app_flow":0,"password":"*******************","awaiting_password":0,"ascii_encode_password":0,"login_id_is_different":0,"default_incoming":0,"attachment_limit":25,"use_imap":1,"use_ssl":1,"validate_ssl_certificate":1,"use_starttls":0,"email_server":"imap.gmail.com","incoming_port":"993","email_sync_option":"UNSEEN","initial_sync_count":"250","append_emails_to_sent_folder":0,"create_contact":1,"enable_automatic_linking":0,"notify_if_unreplied":0,"unreplied_for_mins":30,"default_outgoing":1,"always_use_account_email_id_as_sender":0,"always_use_account_name_as_sender_name":0,"send_unsubscribe_message":1,"track_email_status":1,"use_tls":1,"use_ssl_for_outgoing":0,"smtp_server":"smtp.gmail.com","smtp_port":"587","no_smtp_authentication":0,"add_signature":0,"enable_auto_reply":0,"uidnext":42877,"no_failed":0,"doctype":"Email Account","imap_folder":[{"name":"tbker5sa1v","owner":"Administrator","creation":"2025-05-27 12:40:16.497887","modified":"2025-05-27 12:42:57.619774","modified_by":"Administrator","docstatus":0,"idx":1,"folder_name":"INBOX","append_to":"Communication","uidvalidity":"1","uidnext":"42877","parent":"Mukesh kumar","parentfield":"imap_folder","parenttype":"Email Account","doctype":"IMAP Folder"}],"__unsaved":1}', 'action': 'Save', 'cmd': 'frappe.desk.form.save.savedocs'}
